DEBUG:root:spaces: {
	(0, 0): {room_id: 1, on: None, beside: [Wall, Corner, Tv]},
	(0, 1): {room_id: 1, on: None, beside: [Wall, Table]},
	(0, 2): {room_id: 1, on: Table, beside: [Wall]},
	(0, 3): {room_id: 1, on: None, beside: [Wall, Corner, Table]},
	(1, 0): {room_id: 1, on: Tv, beside: [Wall, Corner]},
	(1, 1): {room_id: 1, on: None, beside: [Wall, Tv]},
	(1, 2): {room_id: 1, on: None, beside: [Wall, Table]},
	(1, 3): {room_id: 1, on: None, beside: [Wall, Corner]},
	(2, 0): {room_id: 2, on: None, beside: [Wall, Corner, Bed]},
	(2, 1): {room_id: 2, on: Bed, beside: [Wall]},
	(2, 2): {room_id: 2, on: None, beside: [Wall, Bed]},
	(2, 3): {room_id: 2, on: None, beside: [Wall, Corner, Window, Plant]},
	(3, 0): {room_id: 2, on: None, beside: [Wall, Corner, Bed]},
	(3, 1): {room_id: 2, on: Bed, beside: [Wall]},
	(3, 2): {room_id: 2, on: None, beside: [Wall, Bed, Plant]},
	(3, 3): {room_id: 2, on: Plant, beside: [Wall, Corner]},
}
DEBUG:root:Roomwise features: {
	Unspecified: [],
	Living Room: [Table, Tv],
	Main Bedroom: [Window, Bed, Plant],
}
DEBUG:root:Rowwise features: {
	0: [Table],
	1: [Tv],
	2: [Window, Bed],
	3: [Bed, Plant],
}
DEBUG:root:Columnwise features: {
	0: [Tv],
	1: [Bed],
	2: [Table],
	3: [Plant],
}
DEBUG:root:Constraint:
constraint: EXACT_COUNT(1)
people: [1]
spaces: [(0, 0), (0, 1), (0, 2), (0, 3), (1, 0), (1, 1), (1, 2), (1, 3), (2, 0), (2, 1), (2, 2), (2, 3), (3, 0), (3, 1), (3, 2), (3, 3)]
DEBUG:root:Constraint:
constraint: EXACT_COUNT(1)
people: [2]
spaces: [(0, 0), (0, 1), (0, 2), (0, 3), (1, 0), (1, 1), (1, 2), (1, 3), (2, 0), (2, 1), (2, 2), (2, 3), (3, 0), (3, 1), (3, 2), (3, 3)]
DEBUG:root:Constraint:
constraint: EXACT_COUNT(1)
people: [3]
spaces: [(0, 0), (0, 1), (0, 2), (0, 3), (1, 0), (1, 1), (1, 2), (1, 3), (2, 0), (2, 1), (2, 2), (2, 3), (3, 0), (3, 1), (3, 2), (3, 3)]
DEBUG:root:Constraint:
constraint: EXACT_COUNT(1)
people: [4]
spaces: [(0, 0), (0, 1), (0, 2), (0, 3), (1, 0), (1, 1), (1, 2), (1, 3), (2, 0), (2, 1), (2, 2), (2, 3), (3, 0), (3, 1), (3, 2), (3, 3)]
DEBUG:root:Constraint:
constraint: EXACT_COUNT(1)
people: [1, 2, 3, 4]
spaces: [(0, 0), (0, 1), (0, 2), (0, 3)]
DEBUG:root:Constraint:
constraint: EXACT_COUNT(1)
people: [1, 2, 3, 4]
spaces: [(1, 0), (1, 1), (1, 2), (1, 3)]
DEBUG:root:Constraint:
constraint: EXACT_COUNT(1)
people: [1, 2, 3, 4]
spaces: [(2, 0), (2, 1), (2, 2), (2, 3)]
DEBUG:root:Constraint:
constraint: EXACT_COUNT(1)
people: [1, 2, 3, 4]
spaces: [(3, 0), (3, 1), (3, 2), (3, 3)]
DEBUG:root:Constraint:
constraint: EXACT_COUNT(1)
people: [1, 2, 3, 4]
spaces: [(0, 0), (1, 0), (2, 0), (3, 0)]
DEBUG:root:Constraint:
constraint: EXACT_COUNT(1)
people: [1, 2, 3, 4]
spaces: [(0, 1), (1, 1), (2, 1), (3, 1)]
DEBUG:root:Constraint:
constraint: EXACT_COUNT(1)
people: [1, 2, 3, 4]
spaces: [(0, 2), (1, 2), (2, 2), (3, 2)]
DEBUG:root:Constraint:
constraint: EXACT_COUNT(1)
people: [1, 2, 3, 4]
spaces: [(0, 3), (1, 3), (2, 3), (3, 3)]
DEBUG:root:Constraint:
constraint: EXACT_COUNT(1)
people: [1]
spaces: [(0, 1), (0, 3), (1, 2)]
DEBUG:root:Constraint:
constraint: EXACT_COUNT(1)
people: [2]
spaces: [(2, 1), (3, 1)]
DEBUG:root:Constraint:
constraint: EXACT_COUNT(1)
people: [3]
spaces: [(2, 3)]
