DEBUG:root:spaces: {
	(0, 0): {room_id: 1, on: None, beside: [Wall, Corner]},
	(0, 1): {room_id: 1, on: None, beside: [Wall, Window, Carpet]},
	(0, 2): {room_id: 1, on: None, beside: [Wall, Corner, Carpet]},
	(0, 3): {room_id: 2, on: None, beside: [Wall, Corner]},
	(0, 4): {room_id: 2, on: None, beside: [Wall, Window, Bed]},
	(0, 5): {room_id: 2, on: None, beside: [Wall, Corner]},
	(1, 0): {room_id: 1, on: None, beside: [Wall, Carpet]},
	(1, 1): {room_id: 1, on: Carpet, beside: []},
	(1, 2): {room_id: 1, on: Carpet, beside: [Wall]},
	(1, 3): {room_id: 2, on: None, beside: [Wall, Bed]},
	(1, 4): {room_id: 2, on: Bed, beside: []},
	(1, 5): {room_id: 2, on: None, beside: [Wall, Bed]},
	(2, 0): {room_id: 1, on: None, beside: [Wall, Corner]},
	(2, 1): {room_id: 1, on: None, beside: [Wall, Carpet]},
	(2, 2): {room_id: 1, on: None, beside: [Wall, Corner, Carpet]},
	(2, 3): {room_id: 2, on: None, beside: [Wall, Corner, Bed]},
	(2, 4): {room_id: 2, on: Bed, beside: [Wall]},
	(2, 5): {room_id: 2, on: None, beside: [Wall, Corner, Bed]},
	(3, 0): {room_id: 3, on: Table, beside: [Wall, Corner]},
	(3, 1): {room_id: 3, on: None, beside: [Wall, Table]},
	(3, 2): {room_id: 3, on: None, beside: [Wall, Corner, Plant]},
	(3, 3): {room_id: 4, on: None, beside: [Wall, Corner]},
	(3, 4): {room_id: 4, on: None, beside: [Wall, Table]},
	(3, 5): {room_id: 4, on: Table, beside: [Wall, Corner, Plant]},
	(4, 0): {room_id: 3, on: None, beside: [Wall, Table]},
	(4, 1): {room_id: 3, on: None, beside: [Plant]},
	(4, 2): {room_id: 3, on: Plant, beside: [Wall]},
	(4, 3): {room_id: 4, on: None, beside: [Wall]},
	(4, 4): {room_id: 4, on: None, beside: [Plant]},
	(4, 5): {room_id: 4, on: Plant, beside: [Wall, Table]},
	(5, 0): {room_id: 3, on: Table, beside: [Wall, Corner]},
	(5, 1): {room_id: 3, on: None, beside: [Wall, Table]},
	(5, 2): {room_id: 3, on: None, beside: [Wall, Corner, Plant]},
	(5, 3): {room_id: 4, on: None, beside: [Wall, Corner]},
	(5, 4): {room_id: 4, on: None, beside: [Wall]},
	(5, 5): {room_id: 4, on: None, beside: [Wall, Corner, Plant]},
}
DEBUG:root:Roomwise features: {
	Unspecified: [],
	Living Room: [Window, Carpet],
	Master Bedroom: [Window, Bed],
	Guest Bedroom: [Table, Plant],
	Dining Room: [Table, Plant],
}
DEBUG:root:Rowwise features: {
	0: [],
	1: [Bed, Carpet],
	2: [Bed],
	3: [Table],
	4: [Plant],
	5: [Table],
}
DEBUG:root:Columnwise features: {
	0: [Table],
	1: [Window, Carpet],
	2: [Carpet, Plant],
	3: [],
	4: [Window, Bed],
	5: [Table, Plant],
}
DEBUG:root:Constraint:
constraint: EXACT_COUNT(1)
people: [1]
spaces: [(0, 0), (0, 1), (0, 2), (0, 3), (0, 4), (0, 5), (1, 0), (1, 1), (1, 2), (1, 3), (1, 4), (1, 5), (2, 0), (2, 1), (2, 2), (2, 3), (2, 4), (2, 5), (3, 0), (3, 1), (3, 2), (3, 3), (3, 4), (3, 5), (4, 0), (4, 1), (4, 2), (4, 3), (4, 4), (4, 5), (5, 0), (5, 1), (5, 2), (5, 3), (5, 4), (5, 5)]
DEBUG:root:Constraint:
constraint: EXACT_COUNT(1)
people: [2]
spaces: [(0, 0), (0, 1), (0, 2), (0, 3), (0, 4), (0, 5), (1, 0), (1, 1), (1, 2), (1, 3), (1, 4), (1, 5), (2, 0), (2, 1), (2, 2), (2, 3), (2, 4), (2, 5), (3, 0), (3, 1), (3, 2), (3, 3), (3, 4), (3, 5), (4, 0), (4, 1), (4, 2), (4, 3), (4, 4), (4, 5), (5, 0), (5, 1), (5, 2), (5, 3), (5, 4), (5, 5)]
DEBUG:root:Constraint:
constraint: EXACT_COUNT(1)
people: [3]
spaces: [(0, 0), (0, 1), (0, 2), (0, 3), (0, 4), (0, 5), (1, 0), (1, 1), (1, 2), (1, 3), (1, 4), (1, 5), (2, 0), (2, 1), (2, 2), (2, 3), (2, 4), (2, 5), (3, 0), (3, 1), (3, 2), (3, 3), (3, 4), (3, 5), (4, 0), (4, 1), (4, 2), (4, 3), (4, 4), (4, 5), (5, 0), (5, 1), (5, 2), (5, 3), (5, 4), (5, 5)]
DEBUG:root:Constraint:
constraint: EXACT_COUNT(1)
people: [4]
spaces: [(0, 0), (0, 1), (0, 2), (0, 3), (0, 4), (0, 5), (1, 0), (1, 1), (1, 2), (1, 3), (1, 4), (1, 5), (2, 0), (2, 1), (2, 2), (2, 3), (2, 4), (2, 5), (3, 0), (3, 1), (3, 2), (3, 3), (3, 4), (3, 5), (4, 0), (4, 1), (4, 2), (4, 3), (4, 4), (4, 5), (5, 0), (5, 1), (5, 2), (5, 3), (5, 4), (5, 5)]
DEBUG:root:Constraint:
constraint: EXACT_COUNT(1)
people: [5]
spaces: [(0, 0), (0, 1), (0, 2), (0, 3), (0, 4), (0, 5), (1, 0), (1, 1), (1, 2), (1, 3), (1, 4), (1, 5), (2, 0), (2, 1), (2, 2), (2, 3), (2, 4), (2, 5), (3, 0), (3, 1), (3, 2), (3, 3), (3, 4), (3, 5), (4, 0), (4, 1), (4, 2), (4, 3), (4, 4), (4, 5), (5, 0), (5, 1), (5, 2), (5, 3), (5, 4), (5, 5)]
DEBUG:root:Constraint:
constraint: EXACT_COUNT(1)
people: [6]
spaces: [(0, 0), (0, 1), (0, 2), (0, 3), (0, 4), (0, 5), (1, 0), (1, 1), (1, 2), (1, 3), (1, 4), (1, 5), (2, 0), (2, 1), (2, 2), (2, 3), (2, 4), (2, 5), (3, 0), (3, 1), (3, 2), (3, 3), (3, 4), (3, 5), (4, 0), (4, 1), (4, 2), (4, 3), (4, 4), (4, 5), (5, 0), (5, 1), (5, 2), (5, 3), (5, 4), (5, 5)]
DEBUG:root:Constraint:
constraint: EXACT_COUNT(1)
people: [1, 2, 3, 4, 5, 6]
spaces: [(0, 0), (0, 1), (0, 2), (0, 3), (0, 4), (0, 5)]
DEBUG:root:Constraint:
constraint: EXACT_COUNT(1)
people: [1, 2, 3, 4, 5, 6]
spaces: [(1, 0), (1, 1), (1, 2), (1, 3), (1, 4), (1, 5)]
DEBUG:root:Constraint:
constraint: EXACT_COUNT(1)
people: [1, 2, 3, 4, 5, 6]
spaces: [(2, 0), (2, 1), (2, 2), (2, 3), (2, 4), (2, 5)]
DEBUG:root:Constraint:
constraint: EXACT_COUNT(1)
people: [1, 2, 3, 4, 5, 6]
spaces: [(3, 0), (3, 1), (3, 2), (3, 3), (3, 4), (3, 5)]
DEBUG:root:Constraint:
constraint: EXACT_COUNT(1)
people: [1, 2, 3, 4, 5, 6]
spaces: [(4, 0), (4, 1), (4, 2), (4, 3), (4, 4), (4, 5)]
DEBUG:root:Constraint:
constraint: EXACT_COUNT(1)
people: [1, 2, 3, 4, 5, 6]
spaces: [(5, 0), (5, 1), (5, 2), (5, 3), (5, 4), (5, 5)]
DEBUG:root:Constraint:
constraint: EXACT_COUNT(1)
people: [1, 2, 3, 4, 5, 6]
spaces: [(0, 0), (1, 0), (2, 0), (3, 0), (4, 0), (5, 0)]
DEBUG:root:Constraint:
constraint: EXACT_COUNT(1)
people: [1, 2, 3, 4, 5, 6]
spaces: [(0, 1), (1, 1), (2, 1), (3, 1), (4, 1), (5, 1)]
DEBUG:root:Constraint:
constraint: EXACT_COUNT(1)
people: [1, 2, 3, 4, 5, 6]
spaces: [(0, 2), (1, 2), (2, 2), (3, 2), (4, 2), (5, 2)]
DEBUG:root:Constraint:
constraint: EXACT_COUNT(1)
people: [1, 2, 3, 4, 5, 6]
spaces: [(0, 3), (1, 3), (2, 3), (3, 3), (4, 3), (5, 3)]
DEBUG:root:Constraint:
constraint: EXACT_COUNT(1)
people: [1, 2, 3, 4, 5, 6]
spaces: [(0, 4), (1, 4), (2, 4), (3, 4), (4, 4), (5, 4)]
DEBUG:root:Constraint:
constraint: EXACT_COUNT(1)
people: [1, 2, 3, 4, 5, 6]
spaces: [(0, 5), (1, 5), (2, 5), (3, 5), (4, 5), (5, 5)]
DEBUG:root:Constraint:
constraint: MIN_COUNT(1)
people: [1, 2, 3, 4, 5, 6]
spaces: [(0, 0), (0, 1), (0, 2), (1, 0), (1, 1), (1, 2), (2, 0), (2, 1), (2, 2)]
DEBUG:root:Constraint:
constraint: MIN_COUNT(1)
people: [1, 2, 3, 4, 5, 6]
spaces: [(0, 3), (0, 4), (0, 5), (1, 3), (1, 4), (1, 5), (2, 3), (2, 4), (2, 5)]
DEBUG:root:Constraint:
constraint: MIN_COUNT(1)
people: [1, 2, 3, 4, 5, 6]
spaces: [(3, 0), (3, 1), (3, 2), (4, 0), (4, 1), (4, 2), (5, 0), (5, 1), (5, 2)]
DEBUG:root:Constraint:
constraint: MIN_COUNT(1)
people: [1, 2, 3, 4, 5, 6]
spaces: [(3, 3), (3, 4), (3, 5), (4, 3), (4, 4), (4, 5), (5, 3), (5, 4), (5, 5)]
DEBUG:root:Constraint:
constraint: EXACT_COUNT(1)
people: [1]
spaces: [(0, 1), (0, 4)]
DEBUG:root:Constraint:
constraint: EXACT_COUNT(1)
people: [2]
spaces: [(3, 0), (3, 1), (3, 2), (4, 0), (4, 1), (4, 2), (5, 0), (5, 1), (5, 2)]
DEBUG:root:Constraint:
constraint: EXACT_COUNT(1)
people: [3]
spaces: [(1, 1), (1, 2)]
DEBUG:root:Constraint:
constraint: EXACT_COUNT(1)
people: [4]
spaces: [(1, 4), (2, 4)]
DEBUG:root:Constraint:
constraint: EXACT_COUNT(0)
people: [1, 2, 3, 5, 6]
spaces: [(1, 4), (2, 4)]
DEBUG:root:Constraint:
constraint: EXACT_COUNT(1)
people: [5]
spaces: [(3, 2), (3, 5), (4, 1), (4, 4), (5, 2), (5, 5)]
DEBUG:root:spaces: {
	(0, 0): {room_id: 1, on: None, beside: [Wall, Corner]},
	(0, 1): {room_id: 1, on: None, beside: [Wall, Window, Carpet]},
	(0, 2): {room_id: 1, on: None, beside: [Wall, Corner, Carpet]},
	(0, 3): {room_id: 2, on: None, beside: [Wall, Corner]},
	(0, 4): {room_id: 2, on: None, beside: [Wall, Window, Bed]},
	(0, 5): {room_id: 2, on: None, beside: [Wall, Corner]},
	(1, 0): {room_id: 1, on: None, beside: [Wall, Carpet]},
	(1, 1): {room_id: 1, on: Carpet, beside: []},
	(1, 2): {room_id: 1, on: Carpet, beside: [Wall]},
	(1, 3): {room_id: 2, on: None, beside: [Wall, Bed]},
	(1, 4): {room_id: 2, on: Bed, beside: []},
	(1, 5): {room_id: 2, on: None, beside: [Wall, Bed]},
	(2, 0): {room_id: 1, on: None, beside: [Wall, Corner]},
	(2, 1): {room_id: 1, on: None, beside: [Wall, Carpet]},
	(2, 2): {room_id: 1, on: None, beside: [Wall, Corner, Carpet]},
	(2, 3): {room_id: 2, on: None, beside: [Wall, Corner, Bed]},
	(2, 4): {room_id: 2, on: Bed, beside: [Wall]},
	(2, 5): {room_id: 2, on: None, beside: [Wall, Corner, Bed]},
	(3, 0): {room_id: 3, on: Table, beside: [Wall, Corner]},
	(3, 1): {room_id: 3, on: None, beside: [Wall, Table]},
	(3, 2): {room_id: 3, on: None, beside: [Wall, Corner, Plant]},
	(3, 3): {room_id: 4, on: None, beside: [Wall, Corner]},
	(3, 4): {room_id: 4, on: None, beside: [Wall, Table]},
	(3, 5): {room_id: 4, on: Table, beside: [Wall, Corner, Plant]},
	(4, 0): {room_id: 3, on: None, beside: [Wall, Table]},
	(4, 1): {room_id: 3, on: None, beside: [Plant]},
	(4, 2): {room_id: 3, on: Plant, beside: [Wall]},
	(4, 3): {room_id: 4, on: None, beside: [Wall]},
	(4, 4): {room_id: 4, on: None, beside: [Plant]},
	(4, 5): {room_id: 4, on: Plant, beside: [Wall, Table]},
	(5, 0): {room_id: 3, on: Table, beside: [Wall, Corner]},
	(5, 1): {room_id: 3, on: None, beside: [Wall, Table]},
	(5, 2): {room_id: 3, on: None, beside: [Wall, Corner, Plant]},
	(5, 3): {room_id: 4, on: None, beside: [Wall, Corner]},
	(5, 4): {room_id: 4, on: None, beside: [Wall]},
	(5, 5): {room_id: 4, on: None, beside: [Wall, Corner, Plant]},
}
DEBUG:root:Roomwise features: {
	Unspecified: [],
	Living Room: [Window, Carpet],
	Master Bedroom: [Window, Bed],
	Guest Bedroom: [Table, Plant],
	Dining Room: [Table, Plant],
}
DEBUG:root:Rowwise features: {
	0: [],
	1: [Bed, Carpet],
	2: [Bed],
	3: [Table],
	4: [Plant],
	5: [Table],
}
DEBUG:root:Columnwise features: {
	0: [Table],
	1: [Window, Carpet],
	2: [Carpet, Plant],
	3: [],
	4: [Window, Bed],
	5: [Table, Plant],
}
DEBUG:root:Constraint:
constraint: EXACT_COUNT(1)
people: [1]
spaces: [(0, 0), (0, 1), (0, 2), (0, 3), (0, 4), (0, 5), (1, 0), (1, 1), (1, 2), (1, 3), (1, 4), (1, 5), (2, 0), (2, 1), (2, 2), (2, 3), (2, 4), (2, 5), (3, 0), (3, 1), (3, 2), (3, 3), (3, 4), (3, 5), (4, 0), (4, 1), (4, 2), (4, 3), (4, 4), (4, 5), (5, 0), (5, 1), (5, 2), (5, 3), (5, 4), (5, 5)]
DEBUG:root:Constraint:
constraint: EXACT_COUNT(1)
people: [2]
spaces: [(0, 0), (0, 1), (0, 2), (0, 3), (0, 4), (0, 5), (1, 0), (1, 1), (1, 2), (1, 3), (1, 4), (1, 5), (2, 0), (2, 1), (2, 2), (2, 3), (2, 4), (2, 5), (3, 0), (3, 1), (3, 2), (3, 3), (3, 4), (3, 5), (4, 0), (4, 1), (4, 2), (4, 3), (4, 4), (4, 5), (5, 0), (5, 1), (5, 2), (5, 3), (5, 4), (5, 5)]
DEBUG:root:Constraint:
constraint: EXACT_COUNT(1)
people: [3]
spaces: [(0, 0), (0, 1), (0, 2), (0, 3), (0, 4), (0, 5), (1, 0), (1, 1), (1, 2), (1, 3), (1, 4), (1, 5), (2, 0), (2, 1), (2, 2), (2, 3), (2, 4), (2, 5), (3, 0), (3, 1), (3, 2), (3, 3), (3, 4), (3, 5), (4, 0), (4, 1), (4, 2), (4, 3), (4, 4), (4, 5), (5, 0), (5, 1), (5, 2), (5, 3), (5, 4), (5, 5)]
DEBUG:root:Constraint:
constraint: EXACT_COUNT(1)
people: [4]
spaces: [(0, 0), (0, 1), (0, 2), (0, 3), (0, 4), (0, 5), (1, 0), (1, 1), (1, 2), (1, 3), (1, 4), (1, 5), (2, 0), (2, 1), (2, 2), (2, 3), (2, 4), (2, 5), (3, 0), (3, 1), (3, 2), (3, 3), (3, 4), (3, 5), (4, 0), (4, 1), (4, 2), (4, 3), (4, 4), (4, 5), (5, 0), (5, 1), (5, 2), (5, 3), (5, 4), (5, 5)]
DEBUG:root:Constraint:
constraint: EXACT_COUNT(1)
people: [5]
spaces: [(0, 0), (0, 1), (0, 2), (0, 3), (0, 4), (0, 5), (1, 0), (1, 1), (1, 2), (1, 3), (1, 4), (1, 5), (2, 0), (2, 1), (2, 2), (2, 3), (2, 4), (2, 5), (3, 0), (3, 1), (3, 2), (3, 3), (3, 4), (3, 5), (4, 0), (4, 1), (4, 2), (4, 3), (4, 4), (4, 5), (5, 0), (5, 1), (5, 2), (5, 3), (5, 4), (5, 5)]
DEBUG:root:Constraint:
constraint: EXACT_COUNT(1)
people: [6]
spaces: [(0, 0), (0, 1), (0, 2), (0, 3), (0, 4), (0, 5), (1, 0), (1, 1), (1, 2), (1, 3), (1, 4), (1, 5), (2, 0), (2, 1), (2, 2), (2, 3), (2, 4), (2, 5), (3, 0), (3, 1), (3, 2), (3, 3), (3, 4), (3, 5), (4, 0), (4, 1), (4, 2), (4, 3), (4, 4), (4, 5), (5, 0), (5, 1), (5, 2), (5, 3), (5, 4), (5, 5)]
DEBUG:root:Constraint:
constraint: EXACT_COUNT(1)
people: [1, 2, 3, 4, 5, 6]
spaces: [(0, 0), (0, 1), (0, 2), (0, 3), (0, 4), (0, 5)]
DEBUG:root:Constraint:
constraint: EXACT_COUNT(1)
people: [1, 2, 3, 4, 5, 6]
spaces: [(1, 0), (1, 1), (1, 2), (1, 3), (1, 4), (1, 5)]
DEBUG:root:Constraint:
constraint: EXACT_COUNT(1)
people: [1, 2, 3, 4, 5, 6]
spaces: [(2, 0), (2, 1), (2, 2), (2, 3), (2, 4), (2, 5)]
DEBUG:root:Constraint:
constraint: EXACT_COUNT(1)
people: [1, 2, 3, 4, 5, 6]
spaces: [(3, 0), (3, 1), (3, 2), (3, 3), (3, 4), (3, 5)]
DEBUG:root:Constraint:
constraint: EXACT_COUNT(1)
people: [1, 2, 3, 4, 5, 6]
spaces: [(4, 0), (4, 1), (4, 2), (4, 3), (4, 4), (4, 5)]
DEBUG:root:Constraint:
constraint: EXACT_COUNT(1)
people: [1, 2, 3, 4, 5, 6]
spaces: [(5, 0), (5, 1), (5, 2), (5, 3), (5, 4), (5, 5)]
DEBUG:root:Constraint:
constraint: EXACT_COUNT(1)
people: [1, 2, 3, 4, 5, 6]
spaces: [(0, 0), (1, 0), (2, 0), (3, 0), (4, 0), (5, 0)]
DEBUG:root:Constraint:
constraint: EXACT_COUNT(1)
people: [1, 2, 3, 4, 5, 6]
spaces: [(0, 1), (1, 1), (2, 1), (3, 1), (4, 1), (5, 1)]
DEBUG:root:Constraint:
constraint: EXACT_COUNT(1)
people: [1, 2, 3, 4, 5, 6]
spaces: [(0, 2), (1, 2), (2, 2), (3, 2), (4, 2), (5, 2)]
DEBUG:root:Constraint:
constraint: EXACT_COUNT(1)
people: [1, 2, 3, 4, 5, 6]
spaces: [(0, 3), (1, 3), (2, 3), (3, 3), (4, 3), (5, 3)]
DEBUG:root:Constraint:
constraint: EXACT_COUNT(1)
people: [1, 2, 3, 4, 5, 6]
spaces: [(0, 4), (1, 4), (2, 4), (3, 4), (4, 4), (5, 4)]
DEBUG:root:Constraint:
constraint: EXACT_COUNT(1)
people: [1, 2, 3, 4, 5, 6]
spaces: [(0, 5), (1, 5), (2, 5), (3, 5), (4, 5), (5, 5)]
DEBUG:root:Constraint:
constraint: MIN_COUNT(1)
people: [1, 2, 3, 4, 5, 6]
spaces: [(0, 0), (0, 1), (0, 2), (1, 0), (1, 1), (1, 2), (2, 0), (2, 1), (2, 2)]
DEBUG:root:Constraint:
constraint: MIN_COUNT(1)
people: [1, 2, 3, 4, 5, 6]
spaces: [(0, 3), (0, 4), (0, 5), (1, 3), (1, 4), (1, 5), (2, 3), (2, 4), (2, 5)]
DEBUG:root:Constraint:
constraint: MIN_COUNT(1)
people: [1, 2, 3, 4, 5, 6]
spaces: [(3, 0), (3, 1), (3, 2), (4, 0), (4, 1), (4, 2), (5, 0), (5, 1), (5, 2)]
DEBUG:root:Constraint:
constraint: MIN_COUNT(1)
people: [1, 2, 3, 4, 5, 6]
spaces: [(3, 3), (3, 4), (3, 5), (4, 3), (4, 4), (4, 5), (5, 3), (5, 4), (5, 5)]
DEBUG:root:Constraint:
constraint: EXACT_COUNT(1)
people: [1]
spaces: [(0, 1), (0, 4)]
DEBUG:root:Constraint:
constraint: EXACT_COUNT(1)
people: [2]
spaces: [(3, 0), (3, 1), (3, 2), (4, 0), (4, 1), (4, 2), (5, 0), (5, 1), (5, 2)]
DEBUG:root:Constraint:
constraint: EXACT_COUNT(1)
people: [3]
spaces: [(1, 1), (1, 2)]
DEBUG:root:Constraint:
constraint: EXACT_COUNT(1)
people: [4]
spaces: [(1, 4), (2, 4)]
DEBUG:root:Constraint:
constraint: EXACT_COUNT(0)
people: [1, 2, 3, 5, 6]
spaces: [(1, 4), (2, 4)]
DEBUG:root:Constraint:
constraint: EXACT_COUNT(1)
people: [5]
spaces: [(3, 2), (3, 5), (4, 1), (4, 4), (5, 2), (5, 5)]
DEBUG:root:spaces: {
	(0, 0): {room_id: 1, on: None, beside: [Wall, Corner]},
	(0, 1): {room_id: 1, on: None, beside: [Wall, Window, Carpet]},
	(0, 2): {room_id: 1, on: None, beside: [Wall, Corner, Carpet]},
	(0, 3): {room_id: 2, on: None, beside: [Wall, Corner]},
	(0, 4): {room_id: 2, on: None, beside: [Wall, Window, Bed]},
	(0, 5): {room_id: 2, on: None, beside: [Wall, Corner]},
	(1, 0): {room_id: 1, on: None, beside: [Wall, Carpet]},
	(1, 1): {room_id: 1, on: Carpet, beside: []},
	(1, 2): {room_id: 1, on: Carpet, beside: [Wall]},
	(1, 3): {room_id: 2, on: None, beside: [Wall, Bed]},
	(1, 4): {room_id: 2, on: Bed, beside: []},
	(1, 5): {room_id: 2, on: None, beside: [Wall, Bed]},
	(2, 0): {room_id: 1, on: None, beside: [Wall, Corner]},
	(2, 1): {room_id: 1, on: None, beside: [Wall, Carpet]},
	(2, 2): {room_id: 1, on: None, beside: [Wall, Corner, Carpet]},
	(2, 3): {room_id: 2, on: None, beside: [Wall, Corner, Bed]},
	(2, 4): {room_id: 2, on: Bed, beside: [Wall]},
	(2, 5): {room_id: 2, on: None, beside: [Wall, Corner, Bed]},
	(3, 0): {room_id: 3, on: Table, beside: [Wall, Corner]},
	(3, 1): {room_id: 3, on: None, beside: [Wall, Table]},
	(3, 2): {room_id: 3, on: None, beside: [Wall, Corner, Plant]},
	(3, 3): {room_id: 4, on: None, beside: [Wall, Corner]},
	(3, 4): {room_id: 4, on: None, beside: [Wall, Table]},
	(3, 5): {room_id: 4, on: Table, beside: [Wall, Corner, Plant]},
	(4, 0): {room_id: 3, on: None, beside: [Wall, Table]},
	(4, 1): {room_id: 3, on: None, beside: [Plant]},
	(4, 2): {room_id: 3, on: Plant, beside: [Wall]},
	(4, 3): {room_id: 4, on: None, beside: [Wall]},
	(4, 4): {room_id: 4, on: None, beside: [Plant]},
	(4, 5): {room_id: 4, on: Plant, beside: [Wall, Table]},
	(5, 0): {room_id: 3, on: Table, beside: [Wall, Corner]},
	(5, 1): {room_id: 3, on: None, beside: [Wall, Table]},
	(5, 2): {room_id: 3, on: None, beside: [Wall, Corner, Plant]},
	(5, 3): {room_id: 4, on: None, beside: [Wall, Corner]},
	(5, 4): {room_id: 4, on: None, beside: [Wall]},
	(5, 5): {room_id: 4, on: None, beside: [Wall, Corner, Plant]},
}
DEBUG:root:Roomwise features: {
	Unspecified: [],
	Living Room: [Window, Carpet],
	Master Bedroom: [Window, Bed],
	Guest Bedroom: [Table, Plant],
	Dining Room: [Table, Plant],
}
DEBUG:root:Rowwise features: {
	0: [],
	1: [Bed, Carpet],
	2: [Bed],
	3: [Table],
	4: [Plant],
	5: [Table],
}
DEBUG:root:Columnwise features: {
	0: [Table],
	1: [Window, Carpet],
	2: [Carpet, Plant],
	3: [],
	4: [Window, Bed],
	5: [Table, Plant],
}
DEBUG:root:Constraint:
constraint: EXACT_COUNT(1)
people: [1]
spaces: [(0, 0), (0, 1), (0, 2), (0, 3), (0, 4), (0, 5), (1, 0), (1, 1), (1, 2), (1, 3), (1, 4), (1, 5), (2, 0), (2, 1), (2, 2), (2, 3), (2, 4), (2, 5), (3, 0), (3, 1), (3, 2), (3, 3), (3, 4), (3, 5), (4, 0), (4, 1), (4, 2), (4, 3), (4, 4), (4, 5), (5, 0), (5, 1), (5, 2), (5, 3), (5, 4), (5, 5)]
DEBUG:root:Constraint:
constraint: EXACT_COUNT(1)
people: [2]
spaces: [(0, 0), (0, 1), (0, 2), (0, 3), (0, 4), (0, 5), (1, 0), (1, 1), (1, 2), (1, 3), (1, 4), (1, 5), (2, 0), (2, 1), (2, 2), (2, 3), (2, 4), (2, 5), (3, 0), (3, 1), (3, 2), (3, 3), (3, 4), (3, 5), (4, 0), (4, 1), (4, 2), (4, 3), (4, 4), (4, 5), (5, 0), (5, 1), (5, 2), (5, 3), (5, 4), (5, 5)]
DEBUG:root:Constraint:
constraint: EXACT_COUNT(1)
people: [3]
spaces: [(0, 0), (0, 1), (0, 2), (0, 3), (0, 4), (0, 5), (1, 0), (1, 1), (1, 2), (1, 3), (1, 4), (1, 5), (2, 0), (2, 1), (2, 2), (2, 3), (2, 4), (2, 5), (3, 0), (3, 1), (3, 2), (3, 3), (3, 4), (3, 5), (4, 0), (4, 1), (4, 2), (4, 3), (4, 4), (4, 5), (5, 0), (5, 1), (5, 2), (5, 3), (5, 4), (5, 5)]
DEBUG:root:Constraint:
constraint: EXACT_COUNT(1)
people: [4]
spaces: [(0, 0), (0, 1), (0, 2), (0, 3), (0, 4), (0, 5), (1, 0), (1, 1), (1, 2), (1, 3), (1, 4), (1, 5), (2, 0), (2, 1), (2, 2), (2, 3), (2, 4), (2, 5), (3, 0), (3, 1), (3, 2), (3, 3), (3, 4), (3, 5), (4, 0), (4, 1), (4, 2), (4, 3), (4, 4), (4, 5), (5, 0), (5, 1), (5, 2), (5, 3), (5, 4), (5, 5)]
DEBUG:root:Constraint:
constraint: EXACT_COUNT(1)
people: [5]
spaces: [(0, 0), (0, 1), (0, 2), (0, 3), (0, 4), (0, 5), (1, 0), (1, 1), (1, 2), (1, 3), (1, 4), (1, 5), (2, 0), (2, 1), (2, 2), (2, 3), (2, 4), (2, 5), (3, 0), (3, 1), (3, 2), (3, 3), (3, 4), (3, 5), (4, 0), (4, 1), (4, 2), (4, 3), (4, 4), (4, 5), (5, 0), (5, 1), (5, 2), (5, 3), (5, 4), (5, 5)]
DEBUG:root:Constraint:
constraint: EXACT_COUNT(1)
people: [6]
spaces: [(0, 0), (0, 1), (0, 2), (0, 3), (0, 4), (0, 5), (1, 0), (1, 1), (1, 2), (1, 3), (1, 4), (1, 5), (2, 0), (2, 1), (2, 2), (2, 3), (2, 4), (2, 5), (3, 0), (3, 1), (3, 2), (3, 3), (3, 4), (3, 5), (4, 0), (4, 1), (4, 2), (4, 3), (4, 4), (4, 5), (5, 0), (5, 1), (5, 2), (5, 3), (5, 4), (5, 5)]
DEBUG:root:Constraint:
constraint: EXACT_COUNT(1)
people: [1, 2, 3, 4, 5, 6]
spaces: [(0, 0), (0, 1), (0, 2), (0, 3), (0, 4), (0, 5)]
DEBUG:root:Constraint:
constraint: EXACT_COUNT(1)
people: [1, 2, 3, 4, 5, 6]
spaces: [(1, 0), (1, 1), (1, 2), (1, 3), (1, 4), (1, 5)]
DEBUG:root:Constraint:
constraint: EXACT_COUNT(1)
people: [1, 2, 3, 4, 5, 6]
spaces: [(2, 0), (2, 1), (2, 2), (2, 3), (2, 4), (2, 5)]
DEBUG:root:Constraint:
constraint: EXACT_COUNT(1)
people: [1, 2, 3, 4, 5, 6]
spaces: [(3, 0), (3, 1), (3, 2), (3, 3), (3, 4), (3, 5)]
DEBUG:root:Constraint:
constraint: EXACT_COUNT(1)
people: [1, 2, 3, 4, 5, 6]
spaces: [(4, 0), (4, 1), (4, 2), (4, 3), (4, 4), (4, 5)]
DEBUG:root:Constraint:
constraint: EXACT_COUNT(1)
people: [1, 2, 3, 4, 5, 6]
spaces: [(5, 0), (5, 1), (5, 2), (5, 3), (5, 4), (5, 5)]
DEBUG:root:Constraint:
constraint: EXACT_COUNT(1)
people: [1, 2, 3, 4, 5, 6]
spaces: [(0, 0), (1, 0), (2, 0), (3, 0), (4, 0), (5, 0)]
DEBUG:root:Constraint:
constraint: EXACT_COUNT(1)
people: [1, 2, 3, 4, 5, 6]
spaces: [(0, 1), (1, 1), (2, 1), (3, 1), (4, 1), (5, 1)]
DEBUG:root:Constraint:
constraint: EXACT_COUNT(1)
people: [1, 2, 3, 4, 5, 6]
spaces: [(0, 2), (1, 2), (2, 2), (3, 2), (4, 2), (5, 2)]
DEBUG:root:Constraint:
constraint: EXACT_COUNT(1)
people: [1, 2, 3, 4, 5, 6]
spaces: [(0, 3), (1, 3), (2, 3), (3, 3), (4, 3), (5, 3)]
DEBUG:root:Constraint:
constraint: EXACT_COUNT(1)
people: [1, 2, 3, 4, 5, 6]
spaces: [(0, 4), (1, 4), (2, 4), (3, 4), (4, 4), (5, 4)]
DEBUG:root:Constraint:
constraint: EXACT_COUNT(1)
people: [1, 2, 3, 4, 5, 6]
spaces: [(0, 5), (1, 5), (2, 5), (3, 5), (4, 5), (5, 5)]
DEBUG:root:Constraint:
constraint: MIN_COUNT(1)
people: [1, 2, 3, 4, 5, 6]
spaces: [(0, 0), (0, 1), (0, 2), (1, 0), (1, 1), (1, 2), (2, 0), (2, 1), (2, 2)]
DEBUG:root:Constraint:
constraint: MIN_COUNT(1)
people: [1, 2, 3, 4, 5, 6]
spaces: [(0, 3), (0, 4), (0, 5), (1, 3), (1, 4), (1, 5), (2, 3), (2, 4), (2, 5)]
DEBUG:root:Constraint:
constraint: MIN_COUNT(1)
people: [1, 2, 3, 4, 5, 6]
spaces: [(3, 0), (3, 1), (3, 2), (4, 0), (4, 1), (4, 2), (5, 0), (5, 1), (5, 2)]
DEBUG:root:Constraint:
constraint: MIN_COUNT(1)
people: [1, 2, 3, 4, 5, 6]
spaces: [(3, 3), (3, 4), (3, 5), (4, 3), (4, 4), (4, 5), (5, 3), (5, 4), (5, 5)]
DEBUG:root:Constraint:
constraint: EXACT_COUNT(1)
people: [1]
spaces: [(0, 1), (0, 4)]
DEBUG:root:Constraint:
constraint: EXACT_COUNT(1)
people: [2]
spaces: [(3, 0), (3, 1), (3, 2), (4, 0), (4, 1), (4, 2), (5, 0), (5, 1), (5, 2)]
DEBUG:root:Constraint:
constraint: EXACT_COUNT(1)
people: [3]
spaces: [(1, 1), (1, 2)]
DEBUG:root:Constraint:
constraint: EXACT_COUNT(1)
people: [4]
spaces: [(1, 4), (2, 4)]
DEBUG:root:Constraint:
constraint: EXACT_COUNT(0)
people: [1, 2, 3, 5, 6]
spaces: [(1, 4), (2, 4)]
DEBUG:root:Constraint:
constraint: EXACT_COUNT(1)
people: [5]
spaces: [(3, 2), (3, 5), (4, 1), (4, 4), (5, 2), (5, 5)]
DEBUG:root:spaces: {
	(0, 0): {room_id: 1, on: None, beside: [Wall, Corner]},
	(0, 1): {room_id: 1, on: None, beside: [Wall, Window, Carpet]},
	(0, 2): {room_id: 1, on: None, beside: [Wall, Corner, Carpet]},
	(0, 3): {room_id: 2, on: None, beside: [Wall, Corner]},
	(0, 4): {room_id: 2, on: None, beside: [Wall, Window, Bed]},
	(0, 5): {room_id: 2, on: None, beside: [Wall, Corner]},
	(1, 0): {room_id: 1, on: None, beside: [Wall, Carpet]},
	(1, 1): {room_id: 1, on: Carpet, beside: []},
	(1, 2): {room_id: 1, on: Carpet, beside: [Wall]},
	(1, 3): {room_id: 2, on: None, beside: [Wall, Bed]},
	(1, 4): {room_id: 2, on: Bed, beside: []},
	(1, 5): {room_id: 2, on: None, beside: [Wall, Bed]},
	(2, 0): {room_id: 1, on: None, beside: [Wall, Corner]},
	(2, 1): {room_id: 1, on: None, beside: [Wall, Carpet]},
	(2, 2): {room_id: 1, on: None, beside: [Wall, Corner, Carpet]},
	(2, 3): {room_id: 2, on: None, beside: [Wall, Corner, Bed]},
	(2, 4): {room_id: 2, on: Bed, beside: [Wall]},
	(2, 5): {room_id: 2, on: None, beside: [Wall, Corner, Bed]},
	(3, 0): {room_id: 3, on: Table, beside: [Wall, Corner]},
	(3, 1): {room_id: 3, on: None, beside: [Wall, Table]},
	(3, 2): {room_id: 3, on: None, beside: [Wall, Corner, Plant]},
	(3, 3): {room_id: 4, on: None, beside: [Wall, Corner]},
	(3, 4): {room_id: 4, on: None, beside: [Wall, Table]},
	(3, 5): {room_id: 4, on: Table, beside: [Wall, Corner, Plant]},
	(4, 0): {room_id: 3, on: None, beside: [Wall, Table]},
	(4, 1): {room_id: 3, on: None, beside: [Plant]},
	(4, 2): {room_id: 3, on: Plant, beside: [Wall]},
	(4, 3): {room_id: 4, on: None, beside: [Wall]},
	(4, 4): {room_id: 4, on: None, beside: [Plant]},
	(4, 5): {room_id: 4, on: Plant, beside: [Wall, Table]},
	(5, 0): {room_id: 3, on: Table, beside: [Wall, Corner]},
	(5, 1): {room_id: 3, on: None, beside: [Wall, Table]},
	(5, 2): {room_id: 3, on: None, beside: [Wall, Corner, Plant]},
	(5, 3): {room_id: 4, on: None, beside: [Wall, Corner]},
	(5, 4): {room_id: 4, on: None, beside: [Wall]},
	(5, 5): {room_id: 4, on: None, beside: [Wall, Corner, Plant]},
}
DEBUG:root:Roomwise features: {
	Unspecified: [],
	Living Room: [Window, Carpet],
	Master Bedroom: [Window, Bed],
	Guest Bedroom: [Table, Plant],
	Dining Room: [Table, Plant],
}
DEBUG:root:Rowwise features: {
	0: [],
	1: [Bed, Carpet],
	2: [Bed],
	3: [Table],
	4: [Plant],
	5: [Table],
}
DEBUG:root:Columnwise features: {
	0: [Table],
	1: [Window, Carpet],
	2: [Carpet, Plant],
	3: [],
	4: [Window, Bed],
	5: [Table, Plant],
}
DEBUG:root:Constraint:
constraint: EXACT_COUNT(1)
people: [1]
spaces: [(0, 0), (0, 1), (0, 2), (0, 3), (0, 4), (0, 5), (1, 0), (1, 1), (1, 2), (1, 3), (1, 4), (1, 5), (2, 0), (2, 1), (2, 2), (2, 3), (2, 4), (2, 5), (3, 0), (3, 1), (3, 2), (3, 3), (3, 4), (3, 5), (4, 0), (4, 1), (4, 2), (4, 3), (4, 4), (4, 5), (5, 0), (5, 1), (5, 2), (5, 3), (5, 4), (5, 5)]
DEBUG:root:Constraint:
constraint: EXACT_COUNT(1)
people: [2]
spaces: [(0, 0), (0, 1), (0, 2), (0, 3), (0, 4), (0, 5), (1, 0), (1, 1), (1, 2), (1, 3), (1, 4), (1, 5), (2, 0), (2, 1), (2, 2), (2, 3), (2, 4), (2, 5), (3, 0), (3, 1), (3, 2), (3, 3), (3, 4), (3, 5), (4, 0), (4, 1), (4, 2), (4, 3), (4, 4), (4, 5), (5, 0), (5, 1), (5, 2), (5, 3), (5, 4), (5, 5)]
DEBUG:root:Constraint:
constraint: EXACT_COUNT(1)
people: [3]
spaces: [(0, 0), (0, 1), (0, 2), (0, 3), (0, 4), (0, 5), (1, 0), (1, 1), (1, 2), (1, 3), (1, 4), (1, 5), (2, 0), (2, 1), (2, 2), (2, 3), (2, 4), (2, 5), (3, 0), (3, 1), (3, 2), (3, 3), (3, 4), (3, 5), (4, 0), (4, 1), (4, 2), (4, 3), (4, 4), (4, 5), (5, 0), (5, 1), (5, 2), (5, 3), (5, 4), (5, 5)]
DEBUG:root:Constraint:
constraint: EXACT_COUNT(1)
people: [4]
spaces: [(0, 0), (0, 1), (0, 2), (0, 3), (0, 4), (0, 5), (1, 0), (1, 1), (1, 2), (1, 3), (1, 4), (1, 5), (2, 0), (2, 1), (2, 2), (2, 3), (2, 4), (2, 5), (3, 0), (3, 1), (3, 2), (3, 3), (3, 4), (3, 5), (4, 0), (4, 1), (4, 2), (4, 3), (4, 4), (4, 5), (5, 0), (5, 1), (5, 2), (5, 3), (5, 4), (5, 5)]
DEBUG:root:Constraint:
constraint: EXACT_COUNT(1)
people: [5]
spaces: [(0, 0), (0, 1), (0, 2), (0, 3), (0, 4), (0, 5), (1, 0), (1, 1), (1, 2), (1, 3), (1, 4), (1, 5), (2, 0), (2, 1), (2, 2), (2, 3), (2, 4), (2, 5), (3, 0), (3, 1), (3, 2), (3, 3), (3, 4), (3, 5), (4, 0), (4, 1), (4, 2), (4, 3), (4, 4), (4, 5), (5, 0), (5, 1), (5, 2), (5, 3), (5, 4), (5, 5)]
DEBUG:root:Constraint:
constraint: EXACT_COUNT(1)
people: [6]
spaces: [(0, 0), (0, 1), (0, 2), (0, 3), (0, 4), (0, 5), (1, 0), (1, 1), (1, 2), (1, 3), (1, 4), (1, 5), (2, 0), (2, 1), (2, 2), (2, 3), (2, 4), (2, 5), (3, 0), (3, 1), (3, 2), (3, 3), (3, 4), (3, 5), (4, 0), (4, 1), (4, 2), (4, 3), (4, 4), (4, 5), (5, 0), (5, 1), (5, 2), (5, 3), (5, 4), (5, 5)]
DEBUG:root:Constraint:
constraint: EXACT_COUNT(1)
people: [1, 2, 3, 4, 5, 6]
spaces: [(0, 0), (0, 1), (0, 2), (0, 3), (0, 4), (0, 5)]
DEBUG:root:Constraint:
constraint: EXACT_COUNT(1)
people: [1, 2, 3, 4, 5, 6]
spaces: [(1, 0), (1, 1), (1, 2), (1, 3), (1, 4), (1, 5)]
DEBUG:root:Constraint:
constraint: EXACT_COUNT(1)
people: [1, 2, 3, 4, 5, 6]
spaces: [(2, 0), (2, 1), (2, 2), (2, 3), (2, 4), (2, 5)]
DEBUG:root:Constraint:
constraint: EXACT_COUNT(1)
people: [1, 2, 3, 4, 5, 6]
spaces: [(3, 0), (3, 1), (3, 2), (3, 3), (3, 4), (3, 5)]
DEBUG:root:Constraint:
constraint: EXACT_COUNT(1)
people: [1, 2, 3, 4, 5, 6]
spaces: [(4, 0), (4, 1), (4, 2), (4, 3), (4, 4), (4, 5)]
DEBUG:root:Constraint:
constraint: EXACT_COUNT(1)
people: [1, 2, 3, 4, 5, 6]
spaces: [(5, 0), (5, 1), (5, 2), (5, 3), (5, 4), (5, 5)]
DEBUG:root:Constraint:
constraint: EXACT_COUNT(1)
people: [1, 2, 3, 4, 5, 6]
spaces: [(0, 0), (1, 0), (2, 0), (3, 0), (4, 0), (5, 0)]
DEBUG:root:Constraint:
constraint: EXACT_COUNT(1)
people: [1, 2, 3, 4, 5, 6]
spaces: [(0, 1), (1, 1), (2, 1), (3, 1), (4, 1), (5, 1)]
DEBUG:root:Constraint:
constraint: EXACT_COUNT(1)
people: [1, 2, 3, 4, 5, 6]
spaces: [(0, 2), (1, 2), (2, 2), (3, 2), (4, 2), (5, 2)]
DEBUG:root:Constraint:
constraint: EXACT_COUNT(1)
people: [1, 2, 3, 4, 5, 6]
spaces: [(0, 3), (1, 3), (2, 3), (3, 3), (4, 3), (5, 3)]
DEBUG:root:Constraint:
constraint: EXACT_COUNT(1)
people: [1, 2, 3, 4, 5, 6]
spaces: [(0, 4), (1, 4), (2, 4), (3, 4), (4, 4), (5, 4)]
DEBUG:root:Constraint:
constraint: EXACT_COUNT(1)
people: [1, 2, 3, 4, 5, 6]
spaces: [(0, 5), (1, 5), (2, 5), (3, 5), (4, 5), (5, 5)]
DEBUG:root:Constraint:
constraint: MIN_COUNT(1)
people: [1, 2, 3, 4, 5, 6]
spaces: [(0, 0), (0, 1), (0, 2), (1, 0), (1, 1), (1, 2), (2, 0), (2, 1), (2, 2)]
DEBUG:root:Constraint:
constraint: MIN_COUNT(1)
people: [1, 2, 3, 4, 5, 6]
spaces: [(0, 3), (0, 4), (0, 5), (1, 3), (1, 4), (1, 5), (2, 3), (2, 4), (2, 5)]
DEBUG:root:Constraint:
constraint: MIN_COUNT(1)
people: [1, 2, 3, 4, 5, 6]
spaces: [(3, 0), (3, 1), (3, 2), (4, 0), (4, 1), (4, 2), (5, 0), (5, 1), (5, 2)]
DEBUG:root:Constraint:
constraint: MIN_COUNT(1)
people: [1, 2, 3, 4, 5, 6]
spaces: [(3, 3), (3, 4), (3, 5), (4, 3), (4, 4), (4, 5), (5, 3), (5, 4), (5, 5)]
DEBUG:root:Constraint:
constraint: EXACT_COUNT(1)
people: [1]
spaces: [(0, 1), (0, 4)]
DEBUG:root:Constraint:
constraint: EXACT_COUNT(1)
people: [2]
spaces: [(3, 0), (3, 1), (3, 2), (4, 0), (4, 1), (4, 2), (5, 0), (5, 1), (5, 2)]
DEBUG:root:Constraint:
constraint: EXACT_COUNT(1)
people: [3]
spaces: [(1, 1), (1, 2)]
DEBUG:root:Constraint:
constraint: EXACT_COUNT(1)
people: [4]
spaces: [(1, 4), (2, 4)]
DEBUG:root:Constraint:
constraint: EXACT_COUNT(0)
people: [1, 2, 3, 5, 6]
spaces: [(1, 4), (2, 4)]
DEBUG:root:Constraint:
constraint: EXACT_COUNT(1)
people: [5]
spaces: [(3, 2), (3, 5), (4, 1), (4, 4), (5, 2), (5, 5)]
DEBUG:root:spaces: {
	(0, 0): {room_id: 1, on: None, beside: [Wall, Corner]},
	(0, 1): {room_id: 1, on: None, beside: [Wall, Window, Carpet]},
	(0, 2): {room_id: 1, on: None, beside: [Wall, Corner, Carpet]},
	(0, 3): {room_id: 2, on: None, beside: [Wall, Corner]},
	(0, 4): {room_id: 2, on: None, beside: [Wall, Window, Bed]},
	(0, 5): {room_id: 2, on: None, beside: [Wall, Corner]},
	(1, 0): {room_id: 1, on: None, beside: [Wall, Carpet]},
	(1, 1): {room_id: 1, on: Carpet, beside: []},
	(1, 2): {room_id: 1, on: Carpet, beside: [Wall]},
	(1, 3): {room_id: 2, on: None, beside: [Wall, Bed]},
	(1, 4): {room_id: 2, on: Bed, beside: []},
	(1, 5): {room_id: 2, on: None, beside: [Wall, Bed]},
	(2, 0): {room_id: 1, on: None, beside: [Wall, Corner]},
	(2, 1): {room_id: 1, on: None, beside: [Wall, Carpet]},
	(2, 2): {room_id: 1, on: None, beside: [Wall, Corner, Carpet]},
	(2, 3): {room_id: 2, on: None, beside: [Wall, Corner, Bed]},
	(2, 4): {room_id: 2, on: Bed, beside: [Wall]},
	(2, 5): {room_id: 2, on: None, beside: [Wall, Corner, Bed]},
	(3, 0): {room_id: 3, on: Table, beside: [Wall, Corner]},
	(3, 1): {room_id: 3, on: None, beside: [Wall, Table]},
	(3, 2): {room_id: 3, on: None, beside: [Wall, Corner, Plant]},
	(3, 3): {room_id: 4, on: None, beside: [Wall, Corner]},
	(3, 4): {room_id: 4, on: None, beside: [Wall, Table]},
	(3, 5): {room_id: 4, on: Table, beside: [Wall, Corner, Plant]},
	(4, 0): {room_id: 3, on: None, beside: [Wall, Table]},
	(4, 1): {room_id: 3, on: None, beside: [Plant]},
	(4, 2): {room_id: 3, on: Plant, beside: [Wall]},
	(4, 3): {room_id: 4, on: None, beside: [Wall]},
	(4, 4): {room_id: 4, on: None, beside: [Plant]},
	(4, 5): {room_id: 4, on: Plant, beside: [Wall, Table]},
	(5, 0): {room_id: 3, on: Table, beside: [Wall, Corner]},
	(5, 1): {room_id: 3, on: None, beside: [Wall, Table]},
	(5, 2): {room_id: 3, on: None, beside: [Wall, Corner, Plant]},
	(5, 3): {room_id: 4, on: None, beside: [Wall, Corner]},
	(5, 4): {room_id: 4, on: None, beside: [Wall]},
	(5, 5): {room_id: 4, on: None, beside: [Wall, Corner, Plant]},
}
DEBUG:root:Roomwise features: {
	Unspecified: [],
	Living Room: [Window, Carpet],
	Master Bedroom: [Window, Bed],
	Guest Bedroom: [Table, Plant],
	Dining Room: [Table, Plant],
}
DEBUG:root:Rowwise features: {
	0: [],
	1: [Bed, Carpet],
	2: [Bed],
	3: [Table],
	4: [Plant],
	5: [Table],
}
DEBUG:root:Columnwise features: {
	0: [Table],
	1: [Window, Carpet],
	2: [Carpet, Plant],
	3: [],
	4: [Window, Bed],
	5: [Table, Plant],
}
DEBUG:root:Constraint:
constraint: EXACT_COUNT(1)
people: [1]
spaces: [(0, 0), (0, 1), (0, 2), (0, 3), (0, 4), (0, 5), (1, 0), (1, 1), (1, 2), (1, 3), (1, 4), (1, 5), (2, 0), (2, 1), (2, 2), (2, 3), (2, 4), (2, 5), (3, 0), (3, 1), (3, 2), (3, 3), (3, 4), (3, 5), (4, 0), (4, 1), (4, 2), (4, 3), (4, 4), (4, 5), (5, 0), (5, 1), (5, 2), (5, 3), (5, 4), (5, 5)]
DEBUG:root:Constraint:
constraint: EXACT_COUNT(1)
people: [2]
spaces: [(0, 0), (0, 1), (0, 2), (0, 3), (0, 4), (0, 5), (1, 0), (1, 1), (1, 2), (1, 3), (1, 4), (1, 5), (2, 0), (2, 1), (2, 2), (2, 3), (2, 4), (2, 5), (3, 0), (3, 1), (3, 2), (3, 3), (3, 4), (3, 5), (4, 0), (4, 1), (4, 2), (4, 3), (4, 4), (4, 5), (5, 0), (5, 1), (5, 2), (5, 3), (5, 4), (5, 5)]
DEBUG:root:Constraint:
constraint: EXACT_COUNT(1)
people: [3]
spaces: [(0, 0), (0, 1), (0, 2), (0, 3), (0, 4), (0, 5), (1, 0), (1, 1), (1, 2), (1, 3), (1, 4), (1, 5), (2, 0), (2, 1), (2, 2), (2, 3), (2, 4), (2, 5), (3, 0), (3, 1), (3, 2), (3, 3), (3, 4), (3, 5), (4, 0), (4, 1), (4, 2), (4, 3), (4, 4), (4, 5), (5, 0), (5, 1), (5, 2), (5, 3), (5, 4), (5, 5)]
DEBUG:root:Constraint:
constraint: EXACT_COUNT(1)
people: [4]
spaces: [(0, 0), (0, 1), (0, 2), (0, 3), (0, 4), (0, 5), (1, 0), (1, 1), (1, 2), (1, 3), (1, 4), (1, 5), (2, 0), (2, 1), (2, 2), (2, 3), (2, 4), (2, 5), (3, 0), (3, 1), (3, 2), (3, 3), (3, 4), (3, 5), (4, 0), (4, 1), (4, 2), (4, 3), (4, 4), (4, 5), (5, 0), (5, 1), (5, 2), (5, 3), (5, 4), (5, 5)]
DEBUG:root:Constraint:
constraint: EXACT_COUNT(1)
people: [5]
spaces: [(0, 0), (0, 1), (0, 2), (0, 3), (0, 4), (0, 5), (1, 0), (1, 1), (1, 2), (1, 3), (1, 4), (1, 5), (2, 0), (2, 1), (2, 2), (2, 3), (2, 4), (2, 5), (3, 0), (3, 1), (3, 2), (3, 3), (3, 4), (3, 5), (4, 0), (4, 1), (4, 2), (4, 3), (4, 4), (4, 5), (5, 0), (5, 1), (5, 2), (5, 3), (5, 4), (5, 5)]
DEBUG:root:Constraint:
constraint: EXACT_COUNT(1)
people: [6]
spaces: [(0, 0), (0, 1), (0, 2), (0, 3), (0, 4), (0, 5), (1, 0), (1, 1), (1, 2), (1, 3), (1, 4), (1, 5), (2, 0), (2, 1), (2, 2), (2, 3), (2, 4), (2, 5), (3, 0), (3, 1), (3, 2), (3, 3), (3, 4), (3, 5), (4, 0), (4, 1), (4, 2), (4, 3), (4, 4), (4, 5), (5, 0), (5, 1), (5, 2), (5, 3), (5, 4), (5, 5)]
DEBUG:root:Constraint:
constraint: EXACT_COUNT(1)
people: [1, 2, 3, 4, 5, 6]
spaces: [(0, 0), (0, 1), (0, 2), (0, 3), (0, 4), (0, 5)]
DEBUG:root:Constraint:
constraint: EXACT_COUNT(1)
people: [1, 2, 3, 4, 5, 6]
spaces: [(1, 0), (1, 1), (1, 2), (1, 3), (1, 4), (1, 5)]
DEBUG:root:Constraint:
constraint: EXACT_COUNT(1)
people: [1, 2, 3, 4, 5, 6]
spaces: [(2, 0), (2, 1), (2, 2), (2, 3), (2, 4), (2, 5)]
DEBUG:root:Constraint:
constraint: EXACT_COUNT(1)
people: [1, 2, 3, 4, 5, 6]
spaces: [(3, 0), (3, 1), (3, 2), (3, 3), (3, 4), (3, 5)]
DEBUG:root:Constraint:
constraint: EXACT_COUNT(1)
people: [1, 2, 3, 4, 5, 6]
spaces: [(4, 0), (4, 1), (4, 2), (4, 3), (4, 4), (4, 5)]
DEBUG:root:Constraint:
constraint: EXACT_COUNT(1)
people: [1, 2, 3, 4, 5, 6]
spaces: [(5, 0), (5, 1), (5, 2), (5, 3), (5, 4), (5, 5)]
DEBUG:root:Constraint:
constraint: EXACT_COUNT(1)
people: [1, 2, 3, 4, 5, 6]
spaces: [(0, 0), (1, 0), (2, 0), (3, 0), (4, 0), (5, 0)]
DEBUG:root:Constraint:
constraint: EXACT_COUNT(1)
people: [1, 2, 3, 4, 5, 6]
spaces: [(0, 1), (1, 1), (2, 1), (3, 1), (4, 1), (5, 1)]
DEBUG:root:Constraint:
constraint: EXACT_COUNT(1)
people: [1, 2, 3, 4, 5, 6]
spaces: [(0, 2), (1, 2), (2, 2), (3, 2), (4, 2), (5, 2)]
DEBUG:root:Constraint:
constraint: EXACT_COUNT(1)
people: [1, 2, 3, 4, 5, 6]
spaces: [(0, 3), (1, 3), (2, 3), (3, 3), (4, 3), (5, 3)]
DEBUG:root:Constraint:
constraint: EXACT_COUNT(1)
people: [1, 2, 3, 4, 5, 6]
spaces: [(0, 4), (1, 4), (2, 4), (3, 4), (4, 4), (5, 4)]
DEBUG:root:Constraint:
constraint: EXACT_COUNT(1)
people: [1, 2, 3, 4, 5, 6]
spaces: [(0, 5), (1, 5), (2, 5), (3, 5), (4, 5), (5, 5)]
DEBUG:root:Constraint:
constraint: MIN_COUNT(1)
people: [1, 2, 3, 4, 5, 6]
spaces: [(0, 0), (0, 1), (0, 2), (1, 0), (1, 1), (1, 2), (2, 0), (2, 1), (2, 2)]
DEBUG:root:Constraint:
constraint: MIN_COUNT(1)
people: [1, 2, 3, 4, 5, 6]
spaces: [(0, 3), (0, 4), (0, 5), (1, 3), (1, 4), (1, 5), (2, 3), (2, 4), (2, 5)]
DEBUG:root:Constraint:
constraint: MIN_COUNT(1)
people: [1, 2, 3, 4, 5, 6]
spaces: [(3, 0), (3, 1), (3, 2), (4, 0), (4, 1), (4, 2), (5, 0), (5, 1), (5, 2)]
DEBUG:root:Constraint:
constraint: MIN_COUNT(1)
people: [1, 2, 3, 4, 5, 6]
spaces: [(3, 3), (3, 4), (3, 5), (4, 3), (4, 4), (4, 5), (5, 3), (5, 4), (5, 5)]
DEBUG:root:Constraint:
constraint: EXACT_COUNT(1)
people: [1]
spaces: [(0, 1), (0, 4)]
DEBUG:root:Constraint:
constraint: EXACT_COUNT(1)
people: [2]
spaces: [(3, 0), (3, 1), (3, 2), (4, 0), (4, 1), (4, 2), (5, 0), (5, 1), (5, 2)]
DEBUG:root:Constraint:
constraint: EXACT_COUNT(1)
people: [3]
spaces: [(1, 1), (1, 2)]
DEBUG:root:Constraint:
constraint: EXACT_COUNT(1)
people: [4]
spaces: [(1, 4), (2, 4)]
DEBUG:root:Constraint:
constraint: EXACT_COUNT(0)
people: [1, 2, 3, 5, 6]
spaces: [(1, 4), (2, 4)]
DEBUG:root:Constraint:
constraint: EXACT_COUNT(1)
people: [5]
spaces: [(3, 2), (3, 5), (4, 1), (4, 4), (5, 2), (5, 5)]
