DEBUG:root:spaces: {
	(0, 0): {room_id: 1, on: None, beside: [Wall, Corner, Window]},
	(0, 1): {room_id: 1, on: None, beside: [Wall, Table]},
	(0, 2): {room_id: 1, on: Table, beside: [Wall]},
	(0, 3): {room_id: 1, on: Table, beside: [Wall]},
	(0, 4): {room_id: 1, on: Table, beside: [Wall]},
	(0, 5): {room_id: 1, on: None, beside: [Wall, Table]},
	(0, 6): {room_id: 1, on: None, beside: [Wall, Corner]},
	(0, 7): {room_id: 2, on: None, beside: [Wall, Corner, Chair]},
	(0, 8): {room_id: 2, on: None, beside: [Wall, Corner]},
	(1, 0): {room_id: 1, on: None, beside: [Wall, Corner, Window]},
	(1, 1): {room_id: 1, on: None, beside: [Wall]},
	(1, 2): {room_id: 1, on: None, beside: [Wall, Table]},
	(1, 3): {room_id: 1, on: None, beside: [Wall, Table]},
	(1, 4): {room_id: 1, on: None, beside: [Wall, Table]},
	(1, 5): {room_id: 1, on: None, beside: []},
	(1, 6): {room_id: 1, on: None, beside: [Wall, Chair]},
	(1, 7): {room_id: 2, on: Chair, beside: [Wall, Table]},
	(1, 8): {room_id: 2, on: None, beside: [Wall, Table, Chair]},
	(2, 0): {room_id: 3, on: None, beside: [Wall, Corner, Chair]},
	(2, 1): {room_id: 3, on: None, beside: [Wall, Bed]},
	(2, 2): {room_id: 3, on: None, beside: [Wall]},
	(2, 3): {room_id: 3, on: None, beside: [Wall]},
	(2, 4): {room_id: 3, on: None, beside: [Wall, Corner, Carpet]},
	(2, 5): {room_id: 1, on: None, beside: [Wall, Chair, Plant]},
	(2, 6): {room_id: 1, on: Chair, beside: [Wall]},
	(2, 7): {room_id: 2, on: Table, beside: [Wall, Chair]},
	(2, 8): {room_id: 2, on: Table, beside: [Wall]},
	(3, 0): {room_id: 3, on: Chair, beside: [Wall, Bed]},
	(3, 1): {room_id: 3, on: Bed, beside: [Chair]},
	(3, 2): {room_id: 3, on: None, beside: [Bed]},
	(3, 3): {room_id: 3, on: None, beside: [Carpet]},
	(3, 4): {room_id: 3, on: Carpet, beside: [Wall]},
	(3, 5): {room_id: 1, on: Plant, beside: [Wall, Corner]},
	(3, 6): {room_id: 1, on: None, beside: [Wall, Corner, Chair, Plant]},
	(3, 7): {room_id: 2, on: None, beside: [Wall, Table, Carpet]},
	(3, 8): {room_id: 2, on: None, beside: [Wall, Table, Carpet]},
	(4, 0): {room_id: 3, on: None, beside: [Wall, Corner, Chair, Bed]},
	(4, 1): {room_id: 3, on: Bed, beside: [Wall]},
	(4, 2): {room_id: 3, on: None, beside: [Wall, Bed]},
	(4, 3): {room_id: 3, on: None, beside: [Wall]},
	(4, 4): {room_id: 3, on: None, beside: [Wall, Corner, Carpet]},
	(4, 5): {room_id: 4, on: Chair, beside: [Wall, Corner, Table]},
	(4, 6): {room_id: 4, on: None, beside: [Wall, Corner, Chair]},
	(4, 7): {room_id: 2, on: Carpet, beside: [Wall]},
	(4, 8): {room_id: 2, on: Carpet, beside: [Wall]},
	(5, 0): {room_id: 5, on: None, beside: [Wall, Corner, Carpet]},
	(5, 1): {room_id: 5, on: None, beside: [Wall, Corner]},
	(5, 2): {room_id: 6, on: Carpet, beside: [Wall, Corner, Plant]},
	(5, 3): {room_id: 6, on: Carpet, beside: [Wall, Chair]},
	(5, 4): {room_id: 6, on: Chair, beside: [Wall, Corner, Carpet]},
	(5, 5): {room_id: 4, on: Table, beside: [Wall, Chair, Bed]},
	(5, 6): {room_id: 4, on: None, beside: [Wall, Table]},
	(5, 7): {room_id: 2, on: None, beside: [Wall, Carpet]},
	(5, 8): {room_id: 2, on: None, beside: [Wall, Window, Carpet]},
	(6, 0): {room_id: 5, on: Carpet, beside: [Wall]},
	(6, 1): {room_id: 5, on: None, beside: [Wall, Chair, Carpet]},
	(6, 2): {room_id: 6, on: Plant, beside: [Wall, Corner, Carpet]},
	(6, 3): {room_id: 6, on: None, beside: [Wall, Carpet, Plant]},
	(6, 4): {room_id: 6, on: None, beside: [Wall, Corner, Chair]},
	(6, 5): {room_id: 4, on: Bed, beside: [Wall, Table]},
	(6, 6): {room_id: 4, on: None, beside: [Wall, Bed]},
	(6, 7): {room_id: 2, on: None, beside: [Wall, Corner]},
	(6, 8): {room_id: 2, on: None, beside: [Wall, Corner, Window]},
	(7, 0): {room_id: 5, on: Carpet, beside: [Wall, Table, Chair]},
	(7, 1): {room_id: 5, on: Chair, beside: [Carpet]},
	(7, 2): {room_id: 5, on: None, beside: [Wall, Chair]},
	(7, 3): {room_id: 5, on: None, beside: [Wall]},
	(7, 4): {room_id: 5, on: None, beside: [Wall, Corner, Tv]},
	(7, 5): {room_id: 4, on: Bed, beside: [Wall]},
	(7, 6): {room_id: 4, on: None, beside: [Bed]},
	(7, 7): {room_id: 4, on: None, beside: [Wall, Plant]},
	(7, 8): {room_id: 4, on: Plant, beside: [Wall, Corner]},
	(8, 0): {room_id: 5, on: Table, beside: [Wall, Corner, Carpet]},
	(8, 1): {room_id: 5, on: None, beside: [Wall, Table, Chair]},
	(8, 2): {room_id: 5, on: None, beside: [Wall]},
	(8, 3): {room_id: 5, on: None, beside: [Wall, Tv]},
	(8, 4): {room_id: 5, on: Tv, beside: [Wall, Corner]},
	(8, 5): {room_id: 4, on: None, beside: [Wall, Corner, Bed]},
	(8, 6): {room_id: 4, on: None, beside: [Wall]},
	(8, 7): {room_id: 4, on: None, beside: [Wall]},
	(8, 8): {room_id: 4, on: None, beside: [Wall, Corner, Plant]},
}
DEBUG:root:Roomwise features: {
	Unspecified: [],
	Dining Room: [Table, Window, Chair, Plant],
	Kitchen: [Table, Window, Chair, Carpet],
	Master Bedroom: [Chair, Bed, Carpet],
	Guest Bedroom: [Table, Chair, Bed, Plant],
	Living Room: [Table, Chair, Carpet, Tv],
	Restroom: [Chair, Carpet, Plant],
}
DEBUG:root:Rowwise features: {
	0: [Table, Window],
	1: [Window, Chair],
	2: [Table, Chair],
	3: [Chair, Bed, Carpet, Plant],
	4: [Chair, Bed, Carpet],
	5: [Table, Window, Chair, Carpet],
	6: [Window, Bed, Carpet, Plant],
	7: [Chair, Bed, Carpet, Plant],
	8: [Table, Tv],
}
DEBUG:root:Columnwise features: {
	0: [Table, Chair, Carpet],
	1: [Chair, Bed],
	2: [Table, Carpet, Plant],
	3: [Table, Carpet],
	4: [Table, Chair, Carpet, Tv],
	5: [Table, Chair, Bed, Plant],
	6: [Chair],
	7: [Table, Chair, Carpet],
	8: [Table, Carpet, Plant],
}
DEBUG:root:Constraint:
constraint: EXACT_COUNT(1)
people: [1]
spaces: [(0, 0), (0, 1), (0, 2), (0, 3), (0, 4), (0, 5), (0, 6), (0, 7), (0, 8), (1, 0), (1, 1), (1, 2), (1, 3), (1, 4), (1, 5), (1, 6), (1, 7), (1, 8), (2, 0), (2, 1), (2, 2), (2, 3), (2, 4), (2, 5), (2, 6), (2, 7), (2, 8), (3, 0), (3, 1), (3, 2), (3, 3), (3, 4), (3, 5), (3, 6), (3, 7), (3, 8), (4, 0), (4, 1), (4, 2), (4, 3), (4, 4), (4, 5), (4, 6), (4, 7), (4, 8), (5, 0), (5, 1), (5, 2), (5, 3), (5, 4), (5, 5), (5, 6), (5, 7), (5, 8), (6, 0), (6, 1), (6, 2), (6, 3), (6, 4), (6, 5), (6, 6), (6, 7), (6, 8), (7, 0), (7, 1), (7, 2), (7, 3), (7, 4), (7, 5), (7, 6), (7, 7), (7, 8), (8, 0), (8, 1), (8, 2), (8, 3), (8, 4), (8, 5), (8, 6), (8, 7), (8, 8)]
DEBUG:root:Constraint:
constraint: EXACT_COUNT(1)
people: [2]
spaces: [(0, 0), (0, 1), (0, 2), (0, 3), (0, 4), (0, 5), (0, 6), (0, 7), (0, 8), (1, 0), (1, 1), (1, 2), (1, 3), (1, 4), (1, 5), (1, 6), (1, 7), (1, 8), (2, 0), (2, 1), (2, 2), (2, 3), (2, 4), (2, 5), (2, 6), (2, 7), (2, 8), (3, 0), (3, 1), (3, 2), (3, 3), (3, 4), (3, 5), (3, 6), (3, 7), (3, 8), (4, 0), (4, 1), (4, 2), (4, 3), (4, 4), (4, 5), (4, 6), (4, 7), (4, 8), (5, 0), (5, 1), (5, 2), (5, 3), (5, 4), (5, 5), (5, 6), (5, 7), (5, 8), (6, 0), (6, 1), (6, 2), (6, 3), (6, 4), (6, 5), (6, 6), (6, 7), (6, 8), (7, 0), (7, 1), (7, 2), (7, 3), (7, 4), (7, 5), (7, 6), (7, 7), (7, 8), (8, 0), (8, 1), (8, 2), (8, 3), (8, 4), (8, 5), (8, 6), (8, 7), (8, 8)]
DEBUG:root:Constraint:
constraint: EXACT_COUNT(1)
people: [3]
spaces: [(0, 0), (0, 1), (0, 2), (0, 3), (0, 4), (0, 5), (0, 6), (0, 7), (0, 8), (1, 0), (1, 1), (1, 2), (1, 3), (1, 4), (1, 5), (1, 6), (1, 7), (1, 8), (2, 0), (2, 1), (2, 2), (2, 3), (2, 4), (2, 5), (2, 6), (2, 7), (2, 8), (3, 0), (3, 1), (3, 2), (3, 3), (3, 4), (3, 5), (3, 6), (3, 7), (3, 8), (4, 0), (4, 1), (4, 2), (4, 3), (4, 4), (4, 5), (4, 6), (4, 7), (4, 8), (5, 0), (5, 1), (5, 2), (5, 3), (5, 4), (5, 5), (5, 6), (5, 7), (5, 8), (6, 0), (6, 1), (6, 2), (6, 3), (6, 4), (6, 5), (6, 6), (6, 7), (6, 8), (7, 0), (7, 1), (7, 2), (7, 3), (7, 4), (7, 5), (7, 6), (7, 7), (7, 8), (8, 0), (8, 1), (8, 2), (8, 3), (8, 4), (8, 5), (8, 6), (8, 7), (8, 8)]
DEBUG:root:Constraint:
constraint: EXACT_COUNT(1)
people: [4]
spaces: [(0, 0), (0, 1), (0, 2), (0, 3), (0, 4), (0, 5), (0, 6), (0, 7), (0, 8), (1, 0), (1, 1), (1, 2), (1, 3), (1, 4), (1, 5), (1, 6), (1, 7), (1, 8), (2, 0), (2, 1), (2, 2), (2, 3), (2, 4), (2, 5), (2, 6), (2, 7), (2, 8), (3, 0), (3, 1), (3, 2), (3, 3), (3, 4), (3, 5), (3, 6), (3, 7), (3, 8), (4, 0), (4, 1), (4, 2), (4, 3), (4, 4), (4, 5), (4, 6), (4, 7), (4, 8), (5, 0), (5, 1), (5, 2), (5, 3), (5, 4), (5, 5), (5, 6), (5, 7), (5, 8), (6, 0), (6, 1), (6, 2), (6, 3), (6, 4), (6, 5), (6, 6), (6, 7), (6, 8), (7, 0), (7, 1), (7, 2), (7, 3), (7, 4), (7, 5), (7, 6), (7, 7), (7, 8), (8, 0), (8, 1), (8, 2), (8, 3), (8, 4), (8, 5), (8, 6), (8, 7), (8, 8)]
DEBUG:root:Constraint:
constraint: EXACT_COUNT(1)
people: [5]
spaces: [(0, 0), (0, 1), (0, 2), (0, 3), (0, 4), (0, 5), (0, 6), (0, 7), (0, 8), (1, 0), (1, 1), (1, 2), (1, 3), (1, 4), (1, 5), (1, 6), (1, 7), (1, 8), (2, 0), (2, 1), (2, 2), (2, 3), (2, 4), (2, 5), (2, 6), (2, 7), (2, 8), (3, 0), (3, 1), (3, 2), (3, 3), (3, 4), (3, 5), (3, 6), (3, 7), (3, 8), (4, 0), (4, 1), (4, 2), (4, 3), (4, 4), (4, 5), (4, 6), (4, 7), (4, 8), (5, 0), (5, 1), (5, 2), (5, 3), (5, 4), (5, 5), (5, 6), (5, 7), (5, 8), (6, 0), (6, 1), (6, 2), (6, 3), (6, 4), (6, 5), (6, 6), (6, 7), (6, 8), (7, 0), (7, 1), (7, 2), (7, 3), (7, 4), (7, 5), (7, 6), (7, 7), (7, 8), (8, 0), (8, 1), (8, 2), (8, 3), (8, 4), (8, 5), (8, 6), (8, 7), (8, 8)]
DEBUG:root:Constraint:
constraint: EXACT_COUNT(1)
people: [6]
spaces: [(0, 0), (0, 1), (0, 2), (0, 3), (0, 4), (0, 5), (0, 6), (0, 7), (0, 8), (1, 0), (1, 1), (1, 2), (1, 3), (1, 4), (1, 5), (1, 6), (1, 7), (1, 8), (2, 0), (2, 1), (2, 2), (2, 3), (2, 4), (2, 5), (2, 6), (2, 7), (2, 8), (3, 0), (3, 1), (3, 2), (3, 3), (3, 4), (3, 5), (3, 6), (3, 7), (3, 8), (4, 0), (4, 1), (4, 2), (4, 3), (4, 4), (4, 5), (4, 6), (4, 7), (4, 8), (5, 0), (5, 1), (5, 2), (5, 3), (5, 4), (5, 5), (5, 6), (5, 7), (5, 8), (6, 0), (6, 1), (6, 2), (6, 3), (6, 4), (6, 5), (6, 6), (6, 7), (6, 8), (7, 0), (7, 1), (7, 2), (7, 3), (7, 4), (7, 5), (7, 6), (7, 7), (7, 8), (8, 0), (8, 1), (8, 2), (8, 3), (8, 4), (8, 5), (8, 6), (8, 7), (8, 8)]
DEBUG:root:Constraint:
constraint: EXACT_COUNT(1)
people: [7]
spaces: [(0, 0), (0, 1), (0, 2), (0, 3), (0, 4), (0, 5), (0, 6), (0, 7), (0, 8), (1, 0), (1, 1), (1, 2), (1, 3), (1, 4), (1, 5), (1, 6), (1, 7), (1, 8), (2, 0), (2, 1), (2, 2), (2, 3), (2, 4), (2, 5), (2, 6), (2, 7), (2, 8), (3, 0), (3, 1), (3, 2), (3, 3), (3, 4), (3, 5), (3, 6), (3, 7), (3, 8), (4, 0), (4, 1), (4, 2), (4, 3), (4, 4), (4, 5), (4, 6), (4, 7), (4, 8), (5, 0), (5, 1), (5, 2), (5, 3), (5, 4), (5, 5), (5, 6), (5, 7), (5, 8), (6, 0), (6, 1), (6, 2), (6, 3), (6, 4), (6, 5), (6, 6), (6, 7), (6, 8), (7, 0), (7, 1), (7, 2), (7, 3), (7, 4), (7, 5), (7, 6), (7, 7), (7, 8), (8, 0), (8, 1), (8, 2), (8, 3), (8, 4), (8, 5), (8, 6), (8, 7), (8, 8)]
DEBUG:root:Constraint:
constraint: EXACT_COUNT(1)
people: [8]
spaces: [(0, 0), (0, 1), (0, 2), (0, 3), (0, 4), (0, 5), (0, 6), (0, 7), (0, 8), (1, 0), (1, 1), (1, 2), (1, 3), (1, 4), (1, 5), (1, 6), (1, 7), (1, 8), (2, 0), (2, 1), (2, 2), (2, 3), (2, 4), (2, 5), (2, 6), (2, 7), (2, 8), (3, 0), (3, 1), (3, 2), (3, 3), (3, 4), (3, 5), (3, 6), (3, 7), (3, 8), (4, 0), (4, 1), (4, 2), (4, 3), (4, 4), (4, 5), (4, 6), (4, 7), (4, 8), (5, 0), (5, 1), (5, 2), (5, 3), (5, 4), (5, 5), (5, 6), (5, 7), (5, 8), (6, 0), (6, 1), (6, 2), (6, 3), (6, 4), (6, 5), (6, 6), (6, 7), (6, 8), (7, 0), (7, 1), (7, 2), (7, 3), (7, 4), (7, 5), (7, 6), (7, 7), (7, 8), (8, 0), (8, 1), (8, 2), (8, 3), (8, 4), (8, 5), (8, 6), (8, 7), (8, 8)]
DEBUG:root:Constraint:
constraint: EXACT_COUNT(1)
people: [9]
spaces: [(0, 0), (0, 1), (0, 2), (0, 3), (0, 4), (0, 5), (0, 6), (0, 7), (0, 8), (1, 0), (1, 1), (1, 2), (1, 3), (1, 4), (1, 5), (1, 6), (1, 7), (1, 8), (2, 0), (2, 1), (2, 2), (2, 3), (2, 4), (2, 5), (2, 6), (2, 7), (2, 8), (3, 0), (3, 1), (3, 2), (3, 3), (3, 4), (3, 5), (3, 6), (3, 7), (3, 8), (4, 0), (4, 1), (4, 2), (4, 3), (4, 4), (4, 5), (4, 6), (4, 7), (4, 8), (5, 0), (5, 1), (5, 2), (5, 3), (5, 4), (5, 5), (5, 6), (5, 7), (5, 8), (6, 0), (6, 1), (6, 2), (6, 3), (6, 4), (6, 5), (6, 6), (6, 7), (6, 8), (7, 0), (7, 1), (7, 2), (7, 3), (7, 4), (7, 5), (7, 6), (7, 7), (7, 8), (8, 0), (8, 1), (8, 2), (8, 3), (8, 4), (8, 5), (8, 6), (8, 7), (8, 8)]
DEBUG:root:Constraint:
constraint: EXACT_COUNT(1)
people: [1, 2, 3, 4, 5, 6, 7, 8, 9]
spaces: [(0, 0), (0, 1), (0, 2), (0, 3), (0, 4), (0, 5), (0, 6), (0, 7), (0, 8)]
DEBUG:root:Constraint:
constraint: EXACT_COUNT(1)
people: [1, 2, 3, 4, 5, 6, 7, 8, 9]
spaces: [(1, 0), (1, 1), (1, 2), (1, 3), (1, 4), (1, 5), (1, 6), (1, 7), (1, 8)]
DEBUG:root:Constraint:
constraint: EXACT_COUNT(1)
people: [1, 2, 3, 4, 5, 6, 7, 8, 9]
spaces: [(2, 0), (2, 1), (2, 2), (2, 3), (2, 4), (2, 5), (2, 6), (2, 7), (2, 8)]
DEBUG:root:Constraint:
constraint: EXACT_COUNT(1)
people: [1, 2, 3, 4, 5, 6, 7, 8, 9]
spaces: [(3, 0), (3, 1), (3, 2), (3, 3), (3, 4), (3, 5), (3, 6), (3, 7), (3, 8)]
DEBUG:root:Constraint:
constraint: EXACT_COUNT(1)
people: [1, 2, 3, 4, 5, 6, 7, 8, 9]
spaces: [(4, 0), (4, 1), (4, 2), (4, 3), (4, 4), (4, 5), (4, 6), (4, 7), (4, 8)]
DEBUG:root:Constraint:
constraint: EXACT_COUNT(1)
people: [1, 2, 3, 4, 5, 6, 7, 8, 9]
spaces: [(5, 0), (5, 1), (5, 2), (5, 3), (5, 4), (5, 5), (5, 6), (5, 7), (5, 8)]
DEBUG:root:Constraint:
constraint: EXACT_COUNT(1)
people: [1, 2, 3, 4, 5, 6, 7, 8, 9]
spaces: [(6, 0), (6, 1), (6, 2), (6, 3), (6, 4), (6, 5), (6, 6), (6, 7), (6, 8)]
DEBUG:root:Constraint:
constraint: EXACT_COUNT(1)
people: [1, 2, 3, 4, 5, 6, 7, 8, 9]
spaces: [(7, 0), (7, 1), (7, 2), (7, 3), (7, 4), (7, 5), (7, 6), (7, 7), (7, 8)]
DEBUG:root:Constraint:
constraint: EXACT_COUNT(1)
people: [1, 2, 3, 4, 5, 6, 7, 8, 9]
spaces: [(8, 0), (8, 1), (8, 2), (8, 3), (8, 4), (8, 5), (8, 6), (8, 7), (8, 8)]
DEBUG:root:Constraint:
constraint: EXACT_COUNT(1)
people: [1, 2, 3, 4, 5, 6, 7, 8, 9]
spaces: [(0, 0), (1, 0), (2, 0), (3, 0), (4, 0), (5, 0), (6, 0), (7, 0), (8, 0)]
DEBUG:root:Constraint:
constraint: EXACT_COUNT(1)
people: [1, 2, 3, 4, 5, 6, 7, 8, 9]
spaces: [(0, 1), (1, 1), (2, 1), (3, 1), (4, 1), (5, 1), (6, 1), (7, 1), (8, 1)]
DEBUG:root:Constraint:
constraint: EXACT_COUNT(1)
people: [1, 2, 3, 4, 5, 6, 7, 8, 9]
spaces: [(0, 2), (1, 2), (2, 2), (3, 2), (4, 2), (5, 2), (6, 2), (7, 2), (8, 2)]
DEBUG:root:Constraint:
constraint: EXACT_COUNT(1)
people: [1, 2, 3, 4, 5, 6, 7, 8, 9]
spaces: [(0, 3), (1, 3), (2, 3), (3, 3), (4, 3), (5, 3), (6, 3), (7, 3), (8, 3)]
DEBUG:root:Constraint:
constraint: EXACT_COUNT(1)
people: [1, 2, 3, 4, 5, 6, 7, 8, 9]
spaces: [(0, 4), (1, 4), (2, 4), (3, 4), (4, 4), (5, 4), (6, 4), (7, 4), (8, 4)]
DEBUG:root:Constraint:
constraint: EXACT_COUNT(1)
people: [1, 2, 3, 4, 5, 6, 7, 8, 9]
spaces: [(0, 5), (1, 5), (2, 5), (3, 5), (4, 5), (5, 5), (6, 5), (7, 5), (8, 5)]
DEBUG:root:Constraint:
constraint: EXACT_COUNT(1)
people: [1, 2, 3, 4, 5, 6, 7, 8, 9]
spaces: [(0, 6), (1, 6), (2, 6), (3, 6), (4, 6), (5, 6), (6, 6), (7, 6), (8, 6)]
DEBUG:root:Constraint:
constraint: EXACT_COUNT(1)
people: [1, 2, 3, 4, 5, 6, 7, 8, 9]
spaces: [(0, 7), (1, 7), (2, 7), (3, 7), (4, 7), (5, 7), (6, 7), (7, 7), (8, 7)]
DEBUG:root:Constraint:
constraint: EXACT_COUNT(1)
people: [1, 2, 3, 4, 5, 6, 7, 8, 9]
spaces: [(0, 8), (1, 8), (2, 8), (3, 8), (4, 8), (5, 8), (6, 8), (7, 8), (8, 8)]
DEBUG:root:Constraint:
constraint: MIN_COUNT(1)
people: [1, 2, 3, 4, 5, 6, 7, 8, 9]
spaces: [(0, 0), (0, 1), (0, 2), (0, 3), (0, 4), (0, 5), (0, 6), (1, 0), (1, 1), (1, 2), (1, 3), (1, 4), (1, 5), (1, 6), (2, 5), (2, 6), (3, 5), (3, 6)]
DEBUG:root:Constraint:
constraint: MIN_COUNT(1)
people: [1, 2, 3, 4, 5, 6, 7, 8, 9]
spaces: [(0, 7), (0, 8), (1, 7), (1, 8), (2, 7), (2, 8), (3, 7), (3, 8), (4, 7), (4, 8), (5, 7), (5, 8), (6, 7), (6, 8)]
DEBUG:root:Constraint:
constraint: MIN_COUNT(1)
people: [1, 2, 3, 4, 5, 6, 7, 8, 9]
spaces: [(2, 0), (2, 1), (2, 2), (2, 3), (2, 4), (3, 0), (3, 1), (3, 2), (3, 3), (3, 4), (4, 0), (4, 1), (4, 2), (4, 3), (4, 4)]
DEBUG:root:Constraint:
constraint: MIN_COUNT(1)
people: [1, 2, 3, 4, 5, 6, 7, 8, 9]
spaces: [(4, 5), (4, 6), (5, 5), (5, 6), (6, 5), (6, 6), (7, 5), (7, 6), (7, 7), (7, 8), (8, 5), (8, 6), (8, 7), (8, 8)]
DEBUG:root:Constraint:
constraint: MIN_COUNT(1)
people: [1, 2, 3, 4, 5, 6, 7, 8, 9]
spaces: [(5, 0), (5, 1), (6, 0), (6, 1), (7, 0), (7, 1), (7, 2), (7, 3), (7, 4), (8, 0), (8, 1), (8, 2), (8, 3), (8, 4)]
DEBUG:root:Constraint:
constraint: MIN_COUNT(1)
people: [1, 2, 3, 4, 5, 6, 7, 8, 9]
spaces: [(5, 2), (5, 3), (5, 4), (6, 2), (6, 3), (6, 4)]
DEBUG:root:Constraint:
constraint: EXACT_COUNT(3)
people: [1, 2, 3, 4, 5]
spaces: [(0, 0), (0, 1), (0, 2), (0, 3), (0, 4), (0, 5), (0, 6), (1, 0), (1, 1), (1, 2), (1, 3), (1, 4), (1, 5), (1, 6), (2, 5), (2, 6), (3, 5), (3, 6)]
DEBUG:root:Constraint:
constraint: EXACT_COUNT(1)
people: [2]
spaces: [(3, 1), (4, 1), (6, 5), (7, 5)]
DEBUG:root:Constraint:
constraint: EXACT_COUNT(0)
people: [1, 3, 4, 5, 6, 7, 8, 9]
spaces: [(3, 1), (4, 1), (6, 5), (7, 5)]
DEBUG:root:Constraint:
constraint: EXACT_COUNT(1)
people: [3]
spaces: [(3, 4), (4, 7), (4, 8), (5, 2), (5, 3), (6, 0), (7, 0)]
DEBUG:root:Constraint:
constraint: EXACT_COUNT(1)
people: [4]
spaces: [(0, 0), (1, 0), (5, 8), (6, 8)]
DEBUG:root:Constraint:
constraint: EXACT_COUNT(1)
people: [5]
spaces: [(0, 0), (0, 6), (0, 7), (0, 8), (1, 0), (2, 0), (2, 4), (3, 5), (3, 6), (4, 0), (4, 4), (4, 5), (4, 6), (5, 0), (5, 1), (5, 2), (5, 4), (6, 2), (6, 4), (6, 7), (6, 8), (7, 4), (7, 8), (8, 0), (8, 4), (8, 5), (8, 8)]
DEBUG:root:Constraint:
constraint: EXACT_COUNT(1)
people: [6]
spaces: [(1, 7), (2, 6), (3, 0), (4, 5), (5, 4), (7, 1)]
DEBUG:root:Constraint:
constraint: EXACT_COUNT(0)
people: [1, 2, 3, 4, 5, 7, 8, 9]
spaces: [(1, 7), (2, 6), (3, 0), (4, 5), (5, 4), (7, 1)]
DEBUG:root:Constraint:
constraint: EXACT_COUNT(1)
people: [7]
spaces: [(4, 5), (4, 6), (5, 5), (5, 6), (6, 5), (6, 6), (7, 5), (7, 6), (7, 7), (7, 8), (8, 5), (8, 6), (8, 7), (8, 8)]
DEBUG:root:Constraint:
constraint: EXACT_COUNT(0)
people: [1, 2, 3, 4, 5, 6, 8, 9]
spaces: [(4, 5), (4, 6), (5, 5), (5, 6), (6, 5), (6, 6), (7, 5), (7, 6), (7, 7), (7, 8), (8, 5), (8, 6), (8, 7), (8, 8)]
DEBUG:root:Constraint:
constraint: EXACT_COUNT(1)
people: [8]
spaces: [(5, 0), (5, 1), (6, 0), (6, 1), (7, 0), (7, 1), (7, 2), (7, 3), (7, 4), (8, 0), (8, 1), (8, 2), (8, 3), (8, 4)]
DEBUG:root:Constraint:
constraint: EXACT_COUNT(1)
people: [8]
spaces: [(8, 0), (8, 1), (8, 2), (8, 3), (8, 4), (8, 5), (8, 6), (8, 7), (8, 8)]
